2025-12-30T17:25:14.1706309Z ##[group]Run python test_integration.py
2025-12-30T17:25:14.1706671Z [36;1mpython test_integration.py[0m
2025-12-30T17:25:14.1739698Z shell: /usr/bin/bash --noprofile --norc -e -o pipefail {0}
2025-12-30T17:25:14.1740035Z env:
2025-12-30T17:25:14.1740280Z   pythonLocation: /opt/hostedtoolcache/Python/3.11.14/x64
2025-12-30T17:25:14.1740703Z   PKG_CONFIG_PATH: /opt/hostedtoolcache/Python/3.11.14/x64/lib/pkgconfig
2025-12-30T17:25:14.1741113Z   Python_ROOT_DIR: /opt/hostedtoolcache/Python/3.11.14/x64
2025-12-30T17:25:14.1741473Z   Python2_ROOT_DIR: /opt/hostedtoolcache/Python/3.11.14/x64
2025-12-30T17:25:14.1741846Z   Python3_ROOT_DIR: /opt/hostedtoolcache/Python/3.11.14/x64
2025-12-30T17:25:14.1742208Z   LD_LIBRARY_PATH: /opt/hostedtoolcache/Python/3.11.14/x64/lib
2025-12-30T17:25:14.1742505Z ##[endgroup]
2025-12-30T17:25:16.9971375Z Traceback (most recent call last):
2025-12-30T17:25:16.9980171Z   File "/home/runner/work/aqequil/aqequil/aqequil/AqSpeciation.py", line 854, in runeqpt
2025-12-30T17:25:16.9980965Z     self.__run_eq_executable('eqpt', [data0_path], cwd=os.getcwd())
2025-12-30T17:25:16.9981624Z   File "/home/runner/work/aqequil/aqequil/aqequil/AqSpeciation.py", line 1114, in __run_eq_executable
2025-12-30T17:25:16.9982169Z     exe_path = os.path.join(self.eq36co, exe_name)
2025-12-30T17:25:16.9982470Z                ^^^^^^^^^^^^^^^^^^^^^^^^^^^^^^^^^^^
2025-12-30T17:25:16.9982793Z   File "<frozen posixpath>", line 76, in join
2025-12-30T17:25:16.9983169Z TypeError: expected str, bytes or os.PathLike object, not NoneType
2025-12-30T17:25:16.9983707Z 
2025-12-30T17:25:16.9983897Z During handling of the above exception, another exception occurred:
2025-12-30T17:25:16.9984243Z 
2025-12-30T17:25:16.9984336Z Traceback (most recent call last):
2025-12-30T17:25:16.9985080Z   File "/home/runner/work/aqequil/aqequil/test_integration.py", line 119, in test_runeqpt
2025-12-30T17:25:16.9985544Z     ae.runeqpt('wrm')
2025-12-30T17:25:16.9985947Z   File "/home/runner/work/aqequil/aqequil/aqequil/AqSpeciation.py", line 856, in runeqpt
2025-12-30T17:25:16.9986410Z     self.err_handler.raise_exception(
2025-12-30T17:25:16.9987043Z   File "/opt/hostedtoolcache/Python/3.11.14/x64/lib/python3.11/site-packages/wormutils/Error_Handler.py", line 57, in raise_exception
2025-12-30T17:25:16.9987661Z     raise Exception(msg)
2025-12-30T17:25:16.9987916Z Exception: Error: EQPT failed to run on data0.wrm.
2025-12-30T17:25:16.9996068Z Traceback (most recent call last):
2025-12-30T17:25:16.9997555Z   File "/home/runner/work/aqequil/aqequil/aqequil/AqSpeciation.py", line 854, in runeqpt
2025-12-30T17:25:16.9998444Z     self.__run_eq_executable('eqpt', [data0_path], cwd=os.getcwd())
2025-12-30T17:25:16.9999394Z   File "/home/runner/work/aqequil/aqequil/aqequil/AqSpeciation.py", line 1114, in __run_eq_executable
2025-12-30T17:25:17.0000306Z     exe_path = os.path.join(self.eq36co, exe_name)
2025-12-30T17:25:17.0000804Z                ^^^^^^^^^^^^^^^^^^^^^^^^^^^^^^^^^^^
2025-12-30T17:25:17.0001335Z   File "<frozen posixpath>", line 76, in join
2025-12-30T17:25:17.0001945Z TypeError: expected str, bytes or os.PathLike object, not NoneType
2025-12-30T17:25:17.0002398Z 
2025-12-30T17:25:17.0002689Z During handling of the above exception, another exception occurred:
2025-12-30T17:25:17.0003143Z 
2025-12-30T17:25:17.0003290Z Traceback (most recent call last):
2025-12-30T17:25:17.0003894Z   File "/home/runner/work/aqequil/aqequil/test_integration.py", line 186, in test_speciation_simple
2025-12-30T17:25:17.0004353Z     ae_eqpt.runeqpt('wrm')
2025-12-30T17:25:17.0005049Z   File "/home/runner/work/aqequil/aqequil/aqequil/AqSpeciation.py", line 856, in runeqpt
2025-12-30T17:25:17.0005535Z     self.err_handler.raise_exception(
2025-12-30T17:25:17.0006130Z   File "/opt/hostedtoolcache/Python/3.11.14/x64/lib/python3.11/site-packages/wormutils/Error_Handler.py", line 57, in raise_exception
2025-12-30T17:25:17.0006702Z     raise Exception(msg)
2025-12-30T17:25:17.0006953Z Exception: Error: EQPT failed to run on data0.wrm.
2025-12-30T17:25:24.7148905Z Traceback (most recent call last):
2025-12-30T17:25:24.7150514Z   File "/home/runner/work/aqequil/aqequil/aqequil/AqSpeciation.py", line 854, in runeqpt
2025-12-30T17:25:24.7151585Z     self.__run_eq_executable('eqpt', [data0_path], cwd=os.getcwd())
2025-12-30T17:25:24.7155035Z   File "/home/runner/work/aqequil/aqequil/aqequil/AqSpeciation.py", line 1114, in __run_eq_executable
2025-12-30T17:25:24.7155864Z     exe_path = os.path.join(self.eq36co, exe_name)
2025-12-30T17:25:24.7156335Z                ^^^^^^^^^^^^^^^^^^^^^^^^^^^^^^^^^^^
2025-12-30T17:25:24.7156855Z   File "<frozen posixpath>", line 76, in join
2025-12-30T17:25:24.7157460Z TypeError: expected str, bytes or os.PathLike object, not NoneType
2025-12-30T17:25:24.7157903Z 
2025-12-30T17:25:24.7158170Z During handling of the above exception, another exception occurred:
2025-12-30T17:25:24.7158603Z 
2025-12-30T17:25:24.7158772Z Traceback (most recent call last):
2025-12-30T17:25:24.7159916Z   File "/home/runner/work/aqequil/aqequil/test_integration.py", line 253, in test_water_rock_reaction
2025-12-30T17:25:24.7160851Z     speciation = ae.speciate(
2025-12-30T17:25:24.7161261Z                  ^^^^^^^^^^^^
2025-12-30T17:25:24.7162040Z   File "/home/runner/work/aqequil/aqequil/aqequil/AqSpeciation.py", line 1926, in speciate
2025-12-30T17:25:24.7162903Z     self.runeqpt(data0_lettercode, dynamic_db=True)
2025-12-30T17:25:24.7163774Z   File "/home/runner/work/aqequil/aqequil/aqequil/AqSpeciation.py", line 856, in runeqpt
2025-12-30T17:25:24.7164549Z     self.err_handler.raise_exception(
2025-12-30T17:25:24.7166260Z   File "/opt/hostedtoolcache/Python/3.11.14/x64/lib/python3.11/site-packages/wormutils/Error_Handler.py", line 57, in raise_exception
2025-12-30T17:25:24.7167404Z     raise Exception(msg)
2025-12-30T17:25:24.7167878Z Exception: Error: EQPT failed to run on data0.dyn.
2025-12-30T17:25:24.7168239Z 
2025-12-30T17:25:24.7168422Z ============================================================
2025-12-30T17:25:24.7168940Z AQEQUIL INTEGRATION TEST SUITE
2025-12-30T17:25:24.7169415Z ============================================================
2025-12-30T17:25:24.7169895Z Python: 3.11.14
2025-12-30T17:25:24.7170222Z Platform: linux
2025-12-30T17:25:24.7170550Z Architecture: x86_64
2025-12-30T17:25:24.7170938Z ============================================================
2025-12-30T17:25:24.7171449Z ============================================================
2025-12-30T17:25:24.7171965Z Test 1: Checking for bundled EQ3/6 executables
2025-12-30T17:25:24.7172467Z ============================================================
2025-12-30T17:25:24.7172969Z [FAIL] No bundled executables found!
2025-12-30T17:25:24.7173278Z 
2025-12-30T17:25:24.7173437Z ============================================================
2025-12-30T17:25:24.7173945Z Test 2: Testing aqequil import and basic usage
2025-12-30T17:25:24.7174472Z ============================================================
2025-12-30T17:25:24.7175163Z [OK] Successfully imported aqequil
2025-12-30T17:25:24.7175915Z [OK] Found test data at: /home/runner/work/aqequil/aqequil/aqequil/test_data/input_example_wrm.csv
2025-12-30T17:25:24.7176319Z 
2025-12-30T17:25:24.7176425Z ============================================================
2025-12-30T17:25:24.7176735Z Test 3: Testing runeqpt (data0 to data1 conversion)
2025-12-30T17:25:24.7177024Z ============================================================
2025-12-30T17:25:24.7177311Z [INFO] Working directory: /tmp/tmp5jme9c3q
2025-12-30T17:25:24.7177588Z [OK] Copied data0.wrm to working directory
2025-12-30T17:25:24.7177838Z Running EQPT on data0.wrm...
2025-12-30T17:25:24.7178145Z [FAIL] Error during runeqpt: Error: EQPT failed to run on data0.wrm.
2025-12-30T17:25:24.7178400Z 
2025-12-30T17:25:24.7178491Z ============================================================
2025-12-30T17:25:24.7178771Z Test 4: Testing simple speciation (wrm database)
2025-12-30T17:25:24.7179058Z ============================================================
2025-12-30T17:25:24.7179502Z Running speciation on /home/runner/work/aqequil/aqequil/aqequil/test_data/input_example_wrm.csv...
2025-12-30T17:25:24.7180179Z [INFO] Working directory: /tmp/tmp0bvqtgig
2025-12-30T17:25:24.7180446Z [OK] Copied data0.wrm to working directory
2025-12-30T17:25:24.7180707Z Running EQPT to create data1.wrm...
2025-12-30T17:25:24.7181056Z [FAIL] Error during simple speciation: Error: EQPT failed to run on data0.wrm.
2025-12-30T17:25:24.7181348Z 
2025-12-30T17:25:24.7181439Z ============================================================
2025-12-30T17:25:24.7181704Z Test 5: Testing water-rock reaction
2025-12-30T17:25:24.7181955Z ============================================================
2025-12-30T17:25:24.7182399Z Running speciation on /home/runner/work/aqequil/aqequil/aqequil/test_data/input_example_wrm.csv...
2025-12-30T17:25:24.7182850Z [INFO] Working directory: /tmp/tmp3cc7kzhl
2025-12-30T17:25:24.7183171Z Getting wrm_data_latest.csv ready. This will take a moment...
2025-12-30T17:25:24.7183670Z No 'charge_balance_on' column found in input file. Defaulting to no charge balancing for all samples.
2025-12-30T17:25:24.7184341Z Warning: a column for Pressure was not found in the sample input file. Defaulting to water saturation pressure...
2025-12-30T17:25:24.7185227Z [FAIL] Error during water-rock reaction: Error: EQPT failed to run on data0.dyn.
2025-12-30T17:25:24.7185532Z 
2025-12-30T17:25:24.7185624Z ============================================================
2025-12-30T17:25:24.7185873Z TEST SUMMARY
2025-12-30T17:25:24.7186056Z ============================================================
2025-12-30T17:25:24.7186459Z [FAIL] Bundled Executables
2025-12-30T17:25:24.7186684Z [PASS] Import and Basic Usage
2025-12-30T17:25:24.7186910Z [FAIL] EQPT Data0 to Data1 Conversion
2025-12-30T17:25:24.7187165Z [FAIL] Simple Speciation (wrm database)
2025-12-30T17:25:24.7187416Z [FAIL] Water-Rock Reaction
2025-12-30T17:25:24.7187635Z ============================================================
2025-12-30T17:25:24.7187811Z 
2025-12-30T17:25:24.7187887Z [FAIL] Some tests failed!
2025-12-30T17:25:24.9800609Z ##[error]Process completed with exit code 1.
