2025-12-30T17:26:00.2529870Z ##[group]Run python test_integration.py
2025-12-30T17:26:00.2530640Z [36;1mpython test_integration.py[0m
2025-12-30T17:26:00.2611010Z shell: /bin/bash --noprofile --norc -e -o pipefail {0}
2025-12-30T17:26:00.2611820Z env:
2025-12-30T17:26:00.2612510Z   pythonLocation: /Users/runner/hostedtoolcache/Python/3.12.10/x64
2025-12-30T17:26:00.2613720Z   PKG_CONFIG_PATH: /Users/runner/hostedtoolcache/Python/3.12.10/x64/lib/pkgconfig
2025-12-30T17:26:00.2614990Z   Python_ROOT_DIR: /Users/runner/hostedtoolcache/Python/3.12.10/x64
2025-12-30T17:26:00.2616200Z   Python2_ROOT_DIR: /Users/runner/hostedtoolcache/Python/3.12.10/x64
2025-12-30T17:26:00.2617280Z   Python3_ROOT_DIR: /Users/runner/hostedtoolcache/Python/3.12.10/x64
2025-12-30T17:26:00.2618710Z ##[endgroup]
2025-12-30T17:26:02.9625380Z Traceback (most recent call last):
2025-12-30T17:26:02.9701520Z   File "/Users/runner/work/aqequil/aqequil/aqequil/AqSpeciation.py", line 854, in runeqpt
2025-12-30T17:26:02.9730530Z     self.__run_eq_executable('eqpt', [data0_path], cwd=os.getcwd())
2025-12-30T17:26:03.1142700Z   File "/Users/runner/work/aqequil/aqequil/aqequil/AqSpeciation.py", line 1114, in __run_eq_executable
2025-12-30T17:26:03.1165270Z     exe_path = os.path.join(self.eq36co, exe_name)
2025-12-30T17:26:03.1412260Z                ^^^^^^^^^^^^^^^^^^^^^^^^^^^^^^^^^^^
2025-12-30T17:26:03.1423990Z   File "<frozen posixpath>", line 76, in join
2025-12-30T17:26:03.1661060Z TypeError: expected str, bytes or os.PathLike object, not NoneType
2025-12-30T17:26:03.1672300Z 
2025-12-30T17:26:03.1694110Z During handling of the above exception, another exception occurred:
2025-12-30T17:26:03.1728880Z 
2025-12-30T17:26:03.1755110Z Traceback (most recent call last):
2025-12-30T17:26:03.2227570Z   File "/Users/runner/work/aqequil/aqequil/test_integration.py", line 119, in test_runeqpt
2025-12-30T17:26:03.2378980Z     ae.runeqpt('wrm')
2025-12-30T17:26:03.2385700Z   File "/Users/runner/work/aqequil/aqequil/aqequil/AqSpeciation.py", line 856, in runeqpt
2025-12-30T17:26:03.2396270Z     self.err_handler.raise_exception(
2025-12-30T17:26:03.2399920Z   File "/Library/Frameworks/Python.framework/Versions/3.12/lib/python3.12/site-packages/wormutils/Error_Handler.py", line 57, in raise_exception
2025-12-30T17:26:03.2402800Z     raise Exception(msg)
2025-12-30T17:26:03.2417920Z Exception: Error: EQPT failed to run on data0.wrm.
2025-12-30T17:26:03.2426380Z Traceback (most recent call last):
2025-12-30T17:26:03.2429800Z   File "/Users/runner/work/aqequil/aqequil/aqequil/AqSpeciation.py", line 854, in runeqpt
2025-12-30T17:26:03.2438540Z     self.__run_eq_executable('eqpt', [data0_path], cwd=os.getcwd())
2025-12-30T17:26:03.2630260Z   File "/Users/runner/work/aqequil/aqequil/aqequil/AqSpeciation.py", line 1114, in __run_eq_executable
2025-12-30T17:26:03.3317950Z     exe_path = os.path.join(self.eq36co, exe_name)
2025-12-30T17:26:03.3507750Z                ^^^^^^^^^^^^^^^^^^^^^^^^^^^^^^^^^^^
2025-12-30T17:26:03.3510650Z   File "<frozen posixpath>", line 76, in join
2025-12-30T17:26:03.3531910Z TypeError: expected str, bytes or os.PathLike object, not NoneType
2025-12-30T17:26:03.3534050Z 
2025-12-30T17:26:03.3536520Z During handling of the above exception, another exception occurred:
2025-12-30T17:26:03.3539070Z 
2025-12-30T17:26:03.3541420Z Traceback (most recent call last):
2025-12-30T17:26:03.3544380Z   File "/Users/runner/work/aqequil/aqequil/test_integration.py", line 186, in test_speciation_simple
2025-12-30T17:26:03.3551320Z     ae_eqpt.runeqpt('wrm')
2025-12-30T17:26:03.3554700Z   File "/Users/runner/work/aqequil/aqequil/aqequil/AqSpeciation.py", line 856, in runeqpt
2025-12-30T17:26:03.3557520Z     self.err_handler.raise_exception(
2025-12-30T17:26:03.3561180Z   File "/Library/Frameworks/Python.framework/Versions/3.12/lib/python3.12/site-packages/wormutils/Error_Handler.py", line 57, in raise_exception
2025-12-30T17:26:03.3564150Z     raise Exception(msg)
2025-12-30T17:26:03.3567380Z Exception: Error: EQPT failed to run on data0.wrm.
2025-12-30T17:26:36.2395680Z Traceback (most recent call last):
2025-12-30T17:26:36.2438720Z   File "/Users/runner/work/aqequil/aqequil/aqequil/AqSpeciation.py", line 854, in runeqpt
2025-12-30T17:26:36.2440220Z 
2025-12-30T17:26:36.2475410Z     self.__run_eq_executable('eqpt', [data0_path], cwd=os.getcwd())
2025-12-30T17:26:36.2476960Z ============================================================
2025-12-30T17:26:36.2507930Z   File "/Users/runner/work/aqequil/aqequil/aqequil/AqSpeciation.py", line 1114, in __run_eq_executable
2025-12-30T17:26:36.2509910Z AQEQUIL INTEGRATION TEST SUITE
2025-12-30T17:26:36.2560020Z     exe_path = os.path.join(self.eq36co, exe_name)
2025-12-30T17:26:36.2561310Z ============================================================
2025-12-30T17:26:36.2589250Z                ^^^^^^^^^^^^^^^^^^^^^^^^^^^^^^^^^^^
2025-12-30T17:26:36.2590290Z Python: 3.12.10
2025-12-30T17:26:36.2600800Z   File "<frozen posixpath>", line 76, in join
2025-12-30T17:26:36.2601770Z Platform: darwin
2025-12-30T17:26:36.2617430Z TypeError: expected str, bytes or os.PathLike object, not NoneType
2025-12-30T17:26:36.2618980Z Architecture: x86_64
2025-12-30T17:26:36.2643800Z 
2025-12-30T17:26:36.2644400Z ============================================================
2025-12-30T17:26:36.2652140Z During handling of the above exception, another exception occurred:
2025-12-30T17:26:36.2653570Z ============================================================
2025-12-30T17:26:36.2673160Z 
2025-12-30T17:26:36.2674020Z Test 1: Checking for bundled EQ3/6 executables
2025-12-30T17:26:36.2686950Z Traceback (most recent call last):
2025-12-30T17:26:36.2688020Z ============================================================
2025-12-30T17:26:36.2704480Z   File "/Users/runner/work/aqequil/aqequil/test_integration.py", line 253, in test_water_rock_reaction
2025-12-30T17:26:36.2706370Z [FAIL] No bundled executables found!
2025-12-30T17:26:36.2719910Z     speciation = ae.speciate(
2025-12-30T17:26:36.2720590Z 
2025-12-30T17:26:36.2735690Z                  ^^^^^^^^^^^^
2025-12-30T17:26:36.2736650Z ============================================================
2025-12-30T17:26:36.2744990Z   File "/Users/runner/work/aqequil/aqequil/aqequil/AqSpeciation.py", line 1926, in speciate
2025-12-30T17:26:36.2746900Z Test 2: Testing aqequil import and basic usage
2025-12-30T17:26:36.2752450Z     self.runeqpt(data0_lettercode, dynamic_db=True)
2025-12-30T17:26:36.2753520Z ============================================================
2025-12-30T17:26:36.2785480Z   File "/Users/runner/work/aqequil/aqequil/aqequil/AqSpeciation.py", line 856, in runeqpt
2025-12-30T17:26:36.2787190Z [OK] Successfully imported aqequil
2025-12-30T17:26:36.2898960Z     self.err_handler.raise_exception(
2025-12-30T17:26:36.2900500Z [OK] Found test data at: /Users/runner/work/aqequil/aqequil/aqequil/test_data/input_example_wrm.csv
2025-12-30T17:26:36.2951290Z   File "/Library/Frameworks/Python.framework/Versions/3.12/lib/python3.12/site-packages/wormutils/Error_Handler.py", line 57, in raise_exception
2025-12-30T17:26:36.2953470Z 
2025-12-30T17:26:36.2979760Z     raise Exception(msg)
2025-12-30T17:26:36.2980590Z ============================================================
2025-12-30T17:26:36.2999380Z Exception: Error: EQPT failed to run on data0.dyn.
2025-12-30T17:26:36.3006290Z Test 3: Testing runeqpt (data0 to data1 conversion)
2025-12-30T17:26:36.3011270Z ============================================================
2025-12-30T17:26:36.3022500Z [INFO] Working directory: /var/folders/6k/3_2ylbdd4rl8w3kbs55s3kk80000gn/T/tmpgc9ola85
2025-12-30T17:26:36.3040320Z [OK] Copied data0.wrm to working directory
2025-12-30T17:26:36.3047540Z Running EQPT on data0.wrm...
2025-12-30T17:26:36.3068750Z [FAIL] Error during runeqpt: Error: EQPT failed to run on data0.wrm.
2025-12-30T17:26:36.3074470Z 
2025-12-30T17:26:36.3077150Z ============================================================
2025-12-30T17:26:36.3086540Z Test 4: Testing simple speciation (wrm database)
2025-12-30T17:26:36.3098790Z ============================================================
2025-12-30T17:26:36.3107780Z Running speciation on /Users/runner/work/aqequil/aqequil/aqequil/test_data/input_example_wrm.csv...
2025-12-30T17:26:36.3115040Z [INFO] Working directory: /var/folders/6k/3_2ylbdd4rl8w3kbs55s3kk80000gn/T/tmpkp61srts
2025-12-30T17:26:36.3117750Z [OK] Copied data0.wrm to working directory
2025-12-30T17:26:36.3120180Z Running EQPT to create data1.wrm...
2025-12-30T17:26:36.3123940Z [FAIL] Error during simple speciation: Error: EQPT failed to run on data0.wrm.
2025-12-30T17:26:36.3146570Z 
2025-12-30T17:26:36.3147120Z ============================================================
2025-12-30T17:26:36.3148090Z Test 5: Testing water-rock reaction
2025-12-30T17:26:36.3148990Z ============================================================
2025-12-30T17:26:36.3151830Z Running speciation on /Users/runner/work/aqequil/aqequil/aqequil/test_data/input_example_wrm.csv...
2025-12-30T17:26:36.3153990Z [INFO] Working directory: /var/folders/6k/3_2ylbdd4rl8w3kbs55s3kk80000gn/T/tmp52mkvq69
2025-12-30T17:26:36.3155710Z Getting wrm_data_latest.csv ready. This will take a moment...
2025-12-30T17:26:36.3157900Z No 'charge_balance_on' column found in input file. Defaulting to no charge balancing for all samples.
2025-12-30T17:26:36.3162050Z Warning: a column for Pressure was not found in the sample input file. Defaulting to water saturation pressure...
2025-12-30T17:26:36.3167350Z [FAIL] Error during water-rock reaction: Error: EQPT failed to run on data0.dyn.
2025-12-30T17:26:36.3172640Z 
2025-12-30T17:26:36.3175580Z ============================================================
2025-12-30T17:26:36.3184010Z TEST SUMMARY
2025-12-30T17:26:36.3193800Z ============================================================
2025-12-30T17:26:36.3222890Z [FAIL] Bundled Executables
2025-12-30T17:26:36.3280150Z [PASS] Import and Basic Usage
2025-12-30T17:26:36.3299650Z [FAIL] EQPT Data0 to Data1 Conversion
2025-12-30T17:26:36.3310860Z [FAIL] Simple Speciation (wrm database)
2025-12-30T17:26:36.3315390Z [FAIL] Water-Rock Reaction
2025-12-30T17:26:36.3323570Z ============================================================
2025-12-30T17:26:36.3329820Z 
2025-12-30T17:26:36.3333600Z [FAIL] Some tests failed!
2025-12-30T17:26:36.6213800Z ##[error]Process completed with exit code 1.
